<?xml version="1.0" encoding="UTF-8" standalone="no"?>
<!DOCTYPE log SYSTEM "logger.dtd">
<log>
<record>
  <date>2020-10-20T22:18:40.143-0300</date>
  <logger>RICARDO ADLEY DA SILVA SENA</logger>
  <level>FINE</level>
  <message>File 119110702-RICARDO ADLEY DA SILVA SENA.zip was received. It was sent by RICARDO ADLEY DA SILVA SENA from IP 172.17.243.129 at 20-10-2020 22*18*40</message>
</record>
</log>
<?xml version="1.0" encoding="UTF-8" standalone="no"?>
<!DOCTYPE log SYSTEM "logger.dtd">
<log>
<record>
  <date>2020-10-22T13:44:28.616-0300</date>
  <logger>RICARDO ADLEY DA SILVA SENA</logger>
  <level>FINE</level>
  <message>File 119110702-RICARDO ADLEY DA SILVA SENA.zip was received. It was sent by RICARDO ADLEY DA SILVA SENA from IP 172.17.243.129 at 22-10-2020 13*44*28</message>
</record>
</log>
<?xml version="1.0" encoding="UTF-8" standalone="no"?>
<!DOCTYPE log SYSTEM "logger.dtd">
<log>
<record>
  <date>2020-10-23T20:31:51.983-0300</date>
  <logger>RICARDO ADLEY DA SILVA SENA</logger>
  <level>FINE</level>
  <message>File 119110702-RICARDO ADLEY DA SILVA SENA.zip was received. It was sent by RICARDO ADLEY DA SILVA SENA from IP 192.168.150.145 at 23-10-2020 20*31*51</message>
</record>
</log>
<?xml version="1.0" encoding="UTF-8" standalone="no"?>
<!DOCTYPE log SYSTEM "logger.dtd">
<log>
<record>
  <date>2020-10-25T11:41:17.943-0300</date>
  <logger>RICARDO ADLEY DA SILVA SENA</logger>
  <level>FINE</level>
  <message>File 119110702-RICARDO ADLEY DA SILVA SENA.zip was received. It was sent by RICARDO ADLEY DA SILVA SENA from IP 192.168.150.145 at 25-10-2020 11*41*17</message>
</record>
