<?xml version="1.0" encoding="UTF-8" standalone="no"?>
<!DOCTYPE log SYSTEM "logger.dtd">
<log>
<record>
  <date>2020-11-19T22:17:33.523-0300</date>
  <logger>RICARDO ADLEY DA SILVA SENA</logger>
  <level>FINE</level>
  <message>File 119110702-RICARDO ADLEY DA SILVA SENA.zip was received. It was sent by RICARDO ADLEY DA SILVA SENA from IP 172.17.98.241 at 19-11-2020 22*17*33</message>
</record>
</log>
<?xml version="1.0" encoding="UTF-8" standalone="no"?>
<!DOCTYPE log SYSTEM "logger.dtd">
<log>
<record>
  <date>2020-11-20T17:08:57.145-0300</date>
  <logger>RICARDO ADLEY DA SILVA SENA</logger>
  <level>FINE</level>
  <message>File 119110702-RICARDO ADLEY DA SILVA SENA.zip was received. It was sent by RICARDO ADLEY DA SILVA SENA from IP 172.17.98.241 at 20-11-2020 17*08*57</message>
</record>
</log>
<?xml version="1.0" encoding="UTF-8" standalone="no"?>
<!DOCTYPE log SYSTEM "logger.dtd">
<log>
<record>
  <date>2020-11-21T14:35:24.271-0300</date>
  <logger>RICARDO ADLEY DA SILVA SENA</logger>
  <level>FINE</level>
  <message>File 119110702-RICARDO ADLEY DA SILVA SENA.zip was received. It was sent by RICARDO ADLEY DA SILVA SENA from IP 172.17.98.241 at 21-11-2020 14*35*24</message>
</record>
