<?xml version="1.0" encoding="UTF-8" standalone="no"?>
<!DOCTYPE log SYSTEM "logger.dtd">
<log>
<record>
  <date>2020-10-31T10:53:52.338-0300</date>
  <logger>RICARDO ADLEY DA SILVA SENA</logger>
  <level>FINE</level>
  <message>File 119110702-RICARDO ADLEY DA SILVA SENA.zip was received. It was sent by RICARDO ADLEY DA SILVA SENA from IP 192.168.148.113 at 31-10-2020 10*53*52</message>
</record>
</log>
<?xml version="1.0" encoding="UTF-8" standalone="no"?>
<!DOCTYPE log SYSTEM "logger.dtd">
<log>
<record>
  <date>2020-10-31T12:47:15.195-0300</date>
  <logger>RICARDO ADLEY DA SILVA SENA</logger>
  <level>FINE</level>
  <message>File 119110702-RICARDO ADLEY DA SILVA SENA.zip was received. It was sent by RICARDO ADLEY DA SILVA SENA from IP 192.168.148.113 at 31-10-2020 12*47*15</message>
</record>
</log>
<?xml version="1.0" encoding="UTF-8" standalone="no"?>
<!DOCTYPE log SYSTEM "logger.dtd">
<log>
<record>
  <date>2020-11-01T09:51:19.849-0300</date>
  <logger>RICARDO ADLEY DA SILVA SENA</logger>
  <level>FINE</level>
  <message>File 119110702-RICARDO ADLEY DA SILVA SENA.zip was received. It was sent by RICARDO ADLEY DA SILVA SENA from IP 172.17.8.193 at 01-11-2020 09*51*19</message>
</record>
</log>
<?xml version="1.0" encoding="UTF-8" standalone="no"?>
<!DOCTYPE log SYSTEM "logger.dtd">
<log>
<record>
  <date>2020-11-01T13:01:52.313-0300</date>
  <logger>RICARDO ADLEY DA SILVA SENA</logger>
  <level>FINE</level>
  <message>File 119110702-RICARDO ADLEY DA SILVA SENA.zip was received. It was sent by RICARDO ADLEY DA SILVA SENA from IP 172.17.8.193 at 01-11-2020 13*01*52</message>
</record>
</log>
<?xml version="1.0" encoding="UTF-8" standalone="no"?>
<!DOCTYPE log SYSTEM "logger.dtd">
<log>
<record>
  <date>2020-11-01T23:50:21.148-0300</date>
  <logger>RICARDO ADLEY DA SILVA SENA</logger>
  <level>FINE</level>
  <message>File 119110702-RICARDO ADLEY DA SILVA SENA.zip was received. It was sent by RICARDO ADLEY DA SILVA SENA from IP 172.17.8.193 at 01-11-2020 23*50*21</message>
</record>
</log>
<?xml version="1.0" encoding="UTF-8" standalone="no"?>
<!DOCTYPE log SYSTEM "logger.dtd">
<log>
<record>
  <date>2020-11-01T23:58:24.264-0300</date>
  <logger>RICARDO ADLEY DA SILVA SENA</logger>
  <level>FINE</level>
  <message>File 119110702-RICARDO ADLEY DA SILVA SENA.zip was received. It was sent by RICARDO ADLEY DA SILVA SENA from IP 172.17.8.193 at 01-11-2020 23*58*24</message>
</record>
