<?xml version="1.0" encoding="UTF-8" standalone="no"?>
<!DOCTYPE log SYSTEM "logger.dtd">
<log>
<record>
  <date>2020-10-16T13:04:38.810-0300</date>
  <logger>RICARDO ADLEY DA SILVA SENA</logger>
  <level>FINE</level>
  <message>File 119110702-RICARDO ADLEY DA SILVA SENA.zip was received. It was sent by RICARDO ADLEY DA SILVA SENA from IP 172.17.243.129 at 16-10-2020 13*04*38</message>
</record>
</log>
<?xml version="1.0" encoding="UTF-8" standalone="no"?>
<!DOCTYPE log SYSTEM "logger.dtd">
<log>
<record>
  <date>2020-10-17T17:19:48.034-0300</date>
  <logger>RICARDO ADLEY DA SILVA SENA</logger>
  <level>FINE</level>
  <message>File 119110702-RICARDO ADLEY DA SILVA SENA.zip was received. It was sent by RICARDO ADLEY DA SILVA SENA from IP 172.17.243.129 at 17-10-2020 17*19*48</message>
</record>
</log>
<?xml version="1.0" encoding="UTF-8" standalone="no"?>
<!DOCTYPE log SYSTEM "logger.dtd">
<log>
<record>
  <date>2020-10-17T23:48:09.914-0300</date>
  <logger>RICARDO ADLEY DA SILVA SENA</logger>
  <level>FINE</level>
  <message>File 119110702-RICARDO ADLEY DA SILVA SENA.zip was received. It was sent by RICARDO ADLEY DA SILVA SENA from IP 172.17.243.129 at 17-10-2020 23*48*09</message>
</record>
</log>
<?xml version="1.0" encoding="UTF-8" standalone="no"?>
<!DOCTYPE log SYSTEM "logger.dtd">
<log>
<record>
  <date>2020-10-18T00:09:02.844-0300</date>
  <logger>RICARDO ADLEY DA SILVA SENA</logger>
  <level>FINE</level>
  <message>File 119110702-RICARDO ADLEY DA SILVA SENA.zip was received. It was sent by RICARDO ADLEY DA SILVA SENA from IP 172.17.243.129 at 18-10-2020 00*09*02</message>
</record>
