<?xml version="1.0" encoding="UTF-8" standalone="no"?>
<!DOCTYPE log SYSTEM "logger.dtd">
<log>
<record>
  <date>2020-09-23T11:42:25.938-0300</date>
  <logger>RICARDO ADLEY DA SILVA SENA</logger>
  <level>FINE</level>
  <message>File 119110702-RICARDO ADLEY DA SILVA SENA.zip was received. It was sent by RICARDO ADLEY DA SILVA SENA from IP 192.168.240.129 at 23-09-2020 11*42*25</message>
</record>
</log>
<?xml version="1.0" encoding="UTF-8" standalone="no"?>
<!DOCTYPE log SYSTEM "logger.dtd">
<log>
<record>
  <date>2020-09-26T13:14:54.919-0300</date>
  <logger>RICARDO ADLEY DA SILVA SENA</logger>
  <level>FINE</level>
  <message>File 119110702-RICARDO ADLEY DA SILVA SENA.zip was received. It was sent by RICARDO ADLEY DA SILVA SENA from IP 192.168.240.129 at 26-09-2020 13*14*54</message>
</record>
</log>
<?xml version="1.0" encoding="UTF-8" standalone="no"?>
<!DOCTYPE log SYSTEM "logger.dtd">
<log>
<record>
  <date>2020-09-26T13:24:13.610-0300</date>
  <logger>RICARDO ADLEY DA SILVA SENA</logger>
  <level>FINE</level>
  <message>File 119110702-RICARDO ADLEY DA SILVA SENA.zip was received. It was sent by RICARDO ADLEY DA SILVA SENA from IP 192.168.240.129 at 26-09-2020 13*24*13</message>
</record>
