2020-09-16 09:51:55,902 [Worker-4: Loading available Gradle versions] INFO  o.e.b.c.i.u.g.PublishedGradleVersions - Gradle version information cache is out-of-date. Trying to update.
2020-09-16 09:53:55,022 [Worker-4: Importing Maven projects] INFO  o.e.m.c.i.l.LifecycleMappingFactory - Using org.eclipse.m2e.jdt.JarLifecycleMapping lifecycle mapping for MavenProject: br.edu.ufcg.ccc:submission:1.0 @ C:\Users\NT098765\Desktop\RoteriosLEDA\RR1-01-Roteiro-Revisao-Recursao-environment\pom.xml.
2020-09-16 09:53:58,387 [Worker-4: Importing Maven projects] INFO  o.e.m.j.i.AbstractJavaProjectConfigurator - Adding source folder /RR1-01-Roteiro-Revisao-Recursao-environment/src/main/java
2020-09-16 09:53:58,388 [Worker-4: Importing Maven projects] INFO  o.e.m.j.i.AbstractJavaProjectConfigurator - Adding source folder /RR1-01-Roteiro-Revisao-Recursao-environment/src/test/java
2020-09-16 09:54:02,138 [Worker-4: Importing Maven projects] INFO  o.e.m.c.i.p.ProjectConfigurationManager - Imported and configured 1 project(s) in 27 sec
2020-09-16 09:54:04,432 [Worker-1: Building] WARN  o.e.m.c.i.embedder.EclipseLogger - Using platform encoding (Cp1252 actually) to copy filtered resources, i.e. build is platform dependent!
2020-09-16 09:54:04,444 [Worker-1: Building] INFO  o.e.m.c.i.embedder.EclipseLogger - skip non existing resourceDirectory C:\Users\NT098765\Desktop\RoteriosLEDA\RR1-01-Roteiro-Revisao-Recursao-environment\src\main\resources
2020-09-16 09:54:04,453 [Worker-1: Building] WARN  o.e.m.c.i.embedder.EclipseLogger - Using platform encoding (Cp1252 actually) to copy filtered resources, i.e. build is platform dependent!
2020-09-16 09:54:04,456 [Worker-1: Building] INFO  o.e.m.c.i.embedder.EclipseLogger - skip non existing resourceDirectory C:\Users\NT098765\Desktop\RoteriosLEDA\RR1-01-Roteiro-Revisao-Recursao-environment\src\test\resources
2020-09-16 10:04:46,359 [Worker-12: Building] INFO  o.e.m.c.i.l.LifecycleMappingFactory - Using org.eclipse.m2e.jdt.JarLifecycleMapping lifecycle mapping for MavenProject: br.edu.ufcg.ccc:submission:1.0 @ C:\Users\NT098765\Desktop\RoteriosLEDA\RR1-01-Roteiro-Revisao-Recursao-environment\pom.xml.
2020-09-16 10:04:48,774 [Worker-12: Building] WARN  o.e.m.c.i.embedder.EclipseLogger - Using platform encoding (Cp1252 actually) to copy filtered resources, i.e. build is platform dependent!
2020-09-16 10:04:48,829 [Worker-12: Building] INFO  o.e.m.c.i.embedder.EclipseLogger - skip non existing resourceDirectory C:\Users\NT098765\Desktop\RoteriosLEDA\RR1-01-Roteiro-Revisao-Recursao-environment\src\main\resources
2020-09-16 10:04:48,836 [Worker-12: Building] WARN  o.e.m.c.i.embedder.EclipseLogger - Using platform encoding (Cp1252 actually) to copy filtered resources, i.e. build is platform dependent!
2020-09-16 10:04:48,838 [Worker-12: Building] INFO  o.e.m.c.i.embedder.EclipseLogger - skip non existing resourceDirectory C:\Users\NT098765\Desktop\RoteriosLEDA\RR1-01-Roteiro-Revisao-Recursao-environment\src\test\resources
2020-09-16 10:10:33,475 [main] INFO  o.e.m2e.actions.ExecutePomAction - Creating new launch configuration
2020-09-16 10:11:49,019 [main] INFO  o.e.m2e.actions.ExecutePomAction - Using existing launch configuration
2020-09-16 10:12:18,508 [Worker-16: Launching RR1-01-Roteiro-Revisao-Recursao-environment] INFO  o.e.m.i.launch.MavenLaunchDelegate - C:\Users\NT098765\Desktop\RoteriosLEDA\RR1-01-Roteiro-Revisao-Recursao-environment
2020-09-16 10:12:18,509 [Worker-16: Launching RR1-01-Roteiro-Revisao-Recursao-environment] INFO  o.e.m.i.launch.MavenLaunchDelegate -  mvn -B -Dmaven.test.skip=true -DskipTests install
2020-09-16 10:28:26,746 [main] INFO  o.e.m2e.actions.ExecutePomAction - Creating new launch configuration
2020-09-16 10:28:34,882 [Worker-16: Launching RR1-01-Roteiro-Revisao-Recursao-environment (1)] INFO  o.e.m.i.launch.MavenLaunchDelegate - C:\Users\NT098765\Desktop\RoteriosLEDA\RR1-01-Roteiro-Revisao-Recursao-environment
2020-09-16 10:28:34,882 [Worker-16: Launching RR1-01-Roteiro-Revisao-Recursao-environment (1)] INFO  o.e.m.i.launch.MavenLaunchDelegate -  mvn -B -Dmaven.test.skip=true -DskipTests install
2020-09-22 13:17:24,972 [Worker-11: Loading available Gradle versions] INFO  o.e.b.c.i.u.g.PublishedGradleVersions - Gradle version information cache is up-to-date. Trying to read.
2020-09-22 13:17:49,553 [Worker-11: Importing Maven projects] INFO  o.e.m.c.i.l.LifecycleMappingFactory - Using org.eclipse.m2e.jdt.JarLifecycleMapping lifecycle mapping for MavenProject: br.edu.ufcg.ccc:submission:1.0 @ C:\Users\NT098765\Desktop\RoteriosLEDA\R01-01-Rot-SimpleSorting-Bidirectional-Bubble-environment\pom.xml.
2020-09-22 13:17:51,823 [Worker-11: Importing Maven projects] INFO  o.e.m.j.i.AbstractJavaProjectConfigurator - Adding source folder /R01-01-Rot-SimpleSorting-Bidirectional-Bubble-environment/src/main/java
2020-09-22 13:17:51,825 [Worker-11: Importing Maven projects] INFO  o.e.m.j.i.AbstractJavaProjectConfigurator - Adding source folder /R01-01-Rot-SimpleSorting-Bidirectional-Bubble-environment/src/test/java
2020-09-22 13:17:53,004 [Worker-11: Importing Maven projects] INFO  o.e.m.c.i.p.ProjectConfigurationManager - Imported and configured 1 project(s) in 7 sec
2020-09-22 13:17:54,155 [Worker-7: Building] WARN  o.e.m.c.i.embedder.EclipseLogger - Using platform encoding (Cp1252 actually) to copy filtered resources, i.e. build is platform dependent!
2020-09-22 13:17:54,174 [Worker-7: Building] INFO  o.e.m.c.i.embedder.EclipseLogger - skip non existing resourceDirectory C:\Users\NT098765\Desktop\RoteriosLEDA\R01-01-Rot-SimpleSorting-Bidirectional-Bubble-environment\src\main\resources
2020-09-22 13:17:54,177 [Worker-7: Building] WARN  o.e.m.c.i.embedder.EclipseLogger - Using platform encoding (Cp1252 actually) to copy filtered resources, i.e. build is platform dependent!
2020-09-22 13:17:54,179 [Worker-7: Building] INFO  o.e.m.c.i.embedder.EclipseLogger - skip non existing resourceDirectory C:\Users\NT098765\Desktop\RoteriosLEDA\R01-01-Rot-SimpleSorting-Bidirectional-Bubble-environment\src\test\resources
2020-09-22 13:17:54,454 [Worker-7: Building] WARN  o.e.m.c.i.embedder.EclipseLogger - Using platform encoding (Cp1252 actually) to copy filtered resources, i.e. build is platform dependent!
2020-09-22 13:17:54,457 [Worker-7: Building] INFO  o.e.m.c.i.embedder.EclipseLogger - skip non existing resourceDirectory C:\Users\NT098765\Desktop\RoteriosLEDA\RR1-01-Roteiro-Revisao-Recursao-environment\src\main\resources
2020-09-22 13:17:54,459 [Worker-7: Building] WARN  o.e.m.c.i.embedder.EclipseLogger - Using platform encoding (Cp1252 actually) to copy filtered resources, i.e. build is platform dependent!
2020-09-22 13:17:54,462 [Worker-7: Building] INFO  o.e.m.c.i.embedder.EclipseLogger - skip non existing resourceDirectory C:\Users\NT098765\Desktop\RoteriosLEDA\RR1-01-Roteiro-Revisao-Recursao-environment\src\test\resources
2020-09-22 13:18:34,703 [Worker-4: Building] INFO  o.e.m.c.i.l.LifecycleMappingFactory - Using org.eclipse.m2e.jdt.JarLifecycleMapping lifecycle mapping for MavenProject: br.edu.ufcg.ccc:submission:1.0 @ C:\Users\NT098765\Desktop\RoteriosLEDA\R01-01-Rot-SimpleSorting-Bidirectional-Bubble-environment\pom.xml.
2020-09-22 13:18:34,819 [Worker-4: Building] WARN  o.e.m.c.i.embedder.EclipseLogger - Using platform encoding (Cp1252 actually) to copy filtered resources, i.e. build is platform dependent!
2020-09-22 13:18:34,842 [Worker-4: Building] INFO  o.e.m.c.i.embedder.EclipseLogger - skip non existing resourceDirectory C:\Users\NT098765\Desktop\RoteriosLEDA\R01-01-Rot-SimpleSorting-Bidirectional-Bubble-environment\src\main\resources
2020-09-22 13:18:34,845 [Worker-4: Building] WARN  o.e.m.c.i.embedder.EclipseLogger - Using platform encoding (Cp1252 actually) to copy filtered resources, i.e. build is platform dependent!
2020-09-22 13:18:34,846 [Worker-4: Building] INFO  o.e.m.c.i.embedder.EclipseLogger - skip non existing resourceDirectory C:\Users\NT098765\Desktop\RoteriosLEDA\R01-01-Rot-SimpleSorting-Bidirectional-Bubble-environment\src\test\resources
2020-09-22 14:27:59,086 [Worker-22: Building] WARN  o.e.m.c.i.embedder.EclipseLogger - Using platform encoding (Cp1252 actually) to copy filtered resources, i.e. build is platform dependent!
2020-09-22 14:27:59,090 [Worker-22: Building] INFO  o.e.m.c.i.embedder.EclipseLogger - skip non existing resourceDirectory C:\Users\NT098765\Desktop\RoteriosLEDA\R01-01-Rot-SimpleSorting-Bidirectional-Bubble-environment\src\main\resources
2020-09-22 14:27:59,093 [Worker-22: Building] WARN  o.e.m.c.i.embedder.EclipseLogger - Using platform encoding (Cp1252 actually) to copy filtered resources, i.e. build is platform dependent!
2020-09-22 14:27:59,095 [Worker-22: Building] INFO  o.e.m.c.i.embedder.EclipseLogger - skip non existing resourceDirectory C:\Users\NT098765\Desktop\RoteriosLEDA\R01-01-Rot-SimpleSorting-Bidirectional-Bubble-environment\src\test\resources
2020-09-22 14:31:20,021 [Worker-22: Launching StudentSortingTest] WARN  o.e.m.c.i.embedder.EclipseLogger - Using platform encoding (Cp1252 actually) to copy filtered resources, i.e. build is platform dependent!
2020-09-22 14:31:20,023 [Worker-22: Launching StudentSortingTest] INFO  o.e.m.c.i.embedder.EclipseLogger - skip non existing resourceDirectory C:\Users\NT098765\Desktop\RoteriosLEDA\R01-01-Rot-SimpleSorting-Bidirectional-Bubble-environment\src\main\resources
2020-09-22 14:31:20,025 [Worker-22: Launching StudentSortingTest] WARN  o.e.m.c.i.embedder.EclipseLogger - Using platform encoding (Cp1252 actually) to copy filtered resources, i.e. build is platform dependent!
2020-09-22 14:31:20,029 [Worker-22: Launching StudentSortingTest] INFO  o.e.m.c.i.embedder.EclipseLogger - skip non existing resourceDirectory C:\Users\NT098765\Desktop\RoteriosLEDA\R01-01-Rot-SimpleSorting-Bidirectional-Bubble-environment\src\test\resources
2020-09-22 14:32:13,789 [Worker-21: Launching StudentSortingTest] WARN  o.e.m.c.i.embedder.EclipseLogger - Using platform encoding (Cp1252 actually) to copy filtered resources, i.e. build is platform dependent!
2020-09-22 14:32:13,791 [Worker-21: Launching StudentSortingTest] INFO  o.e.m.c.i.embedder.EclipseLogger - skip non existing resourceDirectory C:\Users\NT098765\Desktop\RoteriosLEDA\R01-01-Rot-SimpleSorting-Bidirectional-Bubble-environment\src\main\resources
2020-09-22 14:32:13,795 [Worker-21: Launching StudentSortingTest] WARN  o.e.m.c.i.embedder.EclipseLogger - Using platform encoding (Cp1252 actually) to copy filtered resources, i.e. build is platform dependent!
2020-09-22 14:32:13,797 [Worker-21: Launching StudentSortingTest] INFO  o.e.m.c.i.embedder.EclipseLogger - skip non existing resourceDirectory C:\Users\NT098765\Desktop\RoteriosLEDA\R01-01-Rot-SimpleSorting-Bidirectional-Bubble-environment\src\test\resources
2020-09-22 14:34:39,683 [Worker-25: Building] WARN  o.e.m.c.i.embedder.EclipseLogger - Using platform encoding (Cp1252 actually) to copy filtered resources, i.e. build is platform dependent!
2020-09-22 14:34:39,685 [Worker-25: Building] INFO  o.e.m.c.i.embedder.EclipseLogger - skip non existing resourceDirectory C:\Users\NT098765\Desktop\RoteriosLEDA\R01-01-Rot-SimpleSorting-Bidirectional-Bubble-environment\src\main\resources
2020-09-22 14:34:39,688 [Worker-25: Building] WARN  o.e.m.c.i.embedder.EclipseLogger - Using platform encoding (Cp1252 actually) to copy filtered resources, i.e. build is platform dependent!
2020-09-22 14:34:39,690 [Worker-25: Building] INFO  o.e.m.c.i.embedder.EclipseLogger - skip non existing resourceDirectory C:\Users\NT098765\Desktop\RoteriosLEDA\R01-01-Rot-SimpleSorting-Bidirectional-Bubble-environment\src\test\resources
2020-09-22 14:36:59,457 [Worker-26: Building] WARN  o.e.m.c.i.embedder.EclipseLogger - Using platform encoding (Cp1252 actually) to copy filtered resources, i.e. build is platform dependent!
2020-09-22 14:36:59,459 [Worker-26: Building] INFO  o.e.m.c.i.embedder.EclipseLogger - skip non existing resourceDirectory C:\Users\NT098765\Desktop\RoteriosLEDA\R01-01-Rot-SimpleSorting-Bidirectional-Bubble-environment\src\main\resources
2020-09-22 14:36:59,463 [Worker-26: Building] WARN  o.e.m.c.i.embedder.EclipseLogger - Using platform encoding (Cp1252 actually) to copy filtered resources, i.e. build is platform dependent!
2020-09-22 14:36:59,465 [Worker-26: Building] INFO  o.e.m.c.i.embedder.EclipseLogger - skip non existing resourceDirectory C:\Users\NT098765\Desktop\RoteriosLEDA\R01-01-Rot-SimpleSorting-Bidirectional-Bubble-environment\src\test\resources
2020-09-22 14:43:43,918 [Worker-32: Building] WARN  o.e.m.c.i.embedder.EclipseLogger - Using platform encoding (Cp1252 actually) to copy filtered resources, i.e. build is platform dependent!
2020-09-22 14:43:43,920 [Worker-32: Building] INFO  o.e.m.c.i.embedder.EclipseLogger - skip non existing resourceDirectory C:\Users\NT098765\Desktop\RoteriosLEDA\R01-01-Rot-SimpleSorting-Bidirectional-Bubble-environment\src\main\resources
2020-09-22 14:43:43,923 [Worker-32: Building] WARN  o.e.m.c.i.embedder.EclipseLogger - Using platform encoding (Cp1252 actually) to copy filtered resources, i.e. build is platform dependent!
2020-09-22 14:43:43,925 [Worker-32: Building] INFO  o.e.m.c.i.embedder.EclipseLogger - skip non existing resourceDirectory C:\Users\NT098765\Desktop\RoteriosLEDA\R01-01-Rot-SimpleSorting-Bidirectional-Bubble-environment\src\test\resources
2020-09-22 14:47:31,120 [Worker-25: Building] WARN  o.e.m.c.i.embedder.EclipseLogger - Using platform encoding (Cp1252 actually) to copy filtered resources, i.e. build is platform dependent!
2020-09-22 14:47:31,123 [Worker-25: Building] INFO  o.e.m.c.i.embedder.EclipseLogger - skip non existing resourceDirectory C:\Users\NT098765\Desktop\RoteriosLEDA\R01-01-Rot-SimpleSorting-Bidirectional-Bubble-environment\src\main\resources
2020-09-22 14:47:31,125 [Worker-25: Building] WARN  o.e.m.c.i.embedder.EclipseLogger - Using platform encoding (Cp1252 actually) to copy filtered resources, i.e. build is platform dependent!
2020-09-22 14:47:31,127 [Worker-25: Building] INFO  o.e.m.c.i.embedder.EclipseLogger - skip non existing resourceDirectory C:\Users\NT098765\Desktop\RoteriosLEDA\R01-01-Rot-SimpleSorting-Bidirectional-Bubble-environment\src\test\resources
2020-09-22 14:48:31,294 [Worker-27: Launching StudentSortingTest] WARN  o.e.m.c.i.embedder.EclipseLogger - Using platform encoding (Cp1252 actually) to copy filtered resources, i.e. build is platform dependent!
2020-09-22 14:48:31,296 [Worker-27: Launching StudentSortingTest] INFO  o.e.m.c.i.embedder.EclipseLogger - skip non existing resourceDirectory C:\Users\NT098765\Desktop\RoteriosLEDA\R01-01-Rot-SimpleSorting-Bidirectional-Bubble-environment\src\main\resources
2020-09-22 14:48:31,298 [Worker-27: Launching StudentSortingTest] WARN  o.e.m.c.i.embedder.EclipseLogger - Using platform encoding (Cp1252 actually) to copy filtered resources, i.e. build is platform dependent!
2020-09-22 14:48:31,300 [Worker-27: Launching StudentSortingTest] INFO  o.e.m.c.i.embedder.EclipseLogger - skip non existing resourceDirectory C:\Users\NT098765\Desktop\RoteriosLEDA\R01-01-Rot-SimpleSorting-Bidirectional-Bubble-environment\src\test\resources
2020-09-22 14:59:01,978 [Worker-30: Launching StudentSortingTest] WARN  o.e.m.c.i.embedder.EclipseLogger - Using platform encoding (Cp1252 actually) to copy filtered resources, i.e. build is platform dependent!
2020-09-22 14:59:01,980 [Worker-30: Launching StudentSortingTest] INFO  o.e.m.c.i.embedder.EclipseLogger - skip non existing resourceDirectory C:\Users\NT098765\Desktop\RoteriosLEDA\R01-01-Rot-SimpleSorting-Bidirectional-Bubble-environment\src\main\resources
2020-09-22 14:59:01,981 [Worker-30: Launching StudentSortingTest] WARN  o.e.m.c.i.embedder.EclipseLogger - Using platform encoding (Cp1252 actually) to copy filtered resources, i.e. build is platform dependent!
2020-09-22 14:59:01,983 [Worker-30: Launching StudentSortingTest] INFO  o.e.m.c.i.embedder.EclipseLogger - skip non existing resourceDirectory C:\Users\NT098765\Desktop\RoteriosLEDA\R01-01-Rot-SimpleSorting-Bidirectional-Bubble-environment\src\test\resources
2020-09-22 15:01:04,331 [Worker-35: Launching StudentSortingTest] WARN  o.e.m.c.i.embedder.EclipseLogger - Using platform encoding (Cp1252 actually) to copy filtered resources, i.e. build is platform dependent!
2020-09-22 15:01:04,336 [Worker-35: Launching StudentSortingTest] INFO  o.e.m.c.i.embedder.EclipseLogger - skip non existing resourceDirectory C:\Users\NT098765\Desktop\RoteriosLEDA\R01-01-Rot-SimpleSorting-Bidirectional-Bubble-environment\src\main\resources
2020-09-22 15:01:04,340 [Worker-35: Launching StudentSortingTest] WARN  o.e.m.c.i.embedder.EclipseLogger - Using platform encoding (Cp1252 actually) to copy filtered resources, i.e. build is platform dependent!
2020-09-22 15:01:04,344 [Worker-35: Launching StudentSortingTest] INFO  o.e.m.c.i.embedder.EclipseLogger - skip non existing resourceDirectory C:\Users\NT098765\Desktop\RoteriosLEDA\R01-01-Rot-SimpleSorting-Bidirectional-Bubble-environment\src\test\resources
2020-09-22 15:01:40,119 [Worker-40: Launching StudentSortingTest] WARN  o.e.m.c.i.embedder.EclipseLogger - Using platform encoding (Cp1252 actually) to copy filtered resources, i.e. build is platform dependent!
2020-09-22 15:01:40,121 [Worker-40: Launching StudentSortingTest] INFO  o.e.m.c.i.embedder.EclipseLogger - skip non existing resourceDirectory C:\Users\NT098765\Desktop\RoteriosLEDA\R01-01-Rot-SimpleSorting-Bidirectional-Bubble-environment\src\main\resources
2020-09-22 15:01:40,123 [Worker-40: Launching StudentSortingTest] WARN  o.e.m.c.i.embedder.EclipseLogger - Using platform encoding (Cp1252 actually) to copy filtered resources, i.e. build is platform dependent!
2020-09-22 15:01:40,126 [Worker-40: Launching StudentSortingTest] INFO  o.e.m.c.i.embedder.EclipseLogger - skip non existing resourceDirectory C:\Users\NT098765\Desktop\RoteriosLEDA\R01-01-Rot-SimpleSorting-Bidirectional-Bubble-environment\src\test\resources
2020-09-22 15:18:45,529 [Worker-41: Building] WARN  o.e.m.c.i.embedder.EclipseLogger - Using platform encoding (Cp1252 actually) to copy filtered resources, i.e. build is platform dependent!
2020-09-22 15:18:45,531 [Worker-41: Building] INFO  o.e.m.c.i.embedder.EclipseLogger - skip non existing resourceDirectory C:\Users\NT098765\Desktop\RoteriosLEDA\R01-01-Rot-SimpleSorting-Bidirectional-Bubble-environment\src\main\resources
2020-09-22 15:18:45,533 [Worker-41: Building] WARN  o.e.m.c.i.embedder.EclipseLogger - Using platform encoding (Cp1252 actually) to copy filtered resources, i.e. build is platform dependent!
2020-09-22 15:18:45,535 [Worker-41: Building] INFO  o.e.m.c.i.embedder.EclipseLogger - skip non existing resourceDirectory C:\Users\NT098765\Desktop\RoteriosLEDA\R01-01-Rot-SimpleSorting-Bidirectional-Bubble-environment\src\test\resources
2020-09-22 15:20:40,482 [Worker-44: Launching StudentSortingTest] WARN  o.e.m.c.i.embedder.EclipseLogger - Using platform encoding (Cp1252 actually) to copy filtered resources, i.e. build is platform dependent!
2020-09-22 15:20:40,484 [Worker-44: Launching StudentSortingTest] INFO  o.e.m.c.i.embedder.EclipseLogger - skip non existing resourceDirectory C:\Users\NT098765\Desktop\RoteriosLEDA\R01-01-Rot-SimpleSorting-Bidirectional-Bubble-environment\src\main\resources
2020-09-22 15:20:40,489 [Worker-44: Launching StudentSortingTest] WARN  o.e.m.c.i.embedder.EclipseLogger - Using platform encoding (Cp1252 actually) to copy filtered resources, i.e. build is platform dependent!
2020-09-22 15:20:40,493 [Worker-44: Launching StudentSortingTest] INFO  o.e.m.c.i.embedder.EclipseLogger - skip non existing resourceDirectory C:\Users\NT098765\Desktop\RoteriosLEDA\R01-01-Rot-SimpleSorting-Bidirectional-Bubble-environment\src\test\resources
2020-09-23 11:40:44,161 [main] INFO  o.e.m2e.actions.ExecutePomAction - Creating new launch configuration
2020-09-23 11:41:05,203 [Worker-86: Launching R01-01-Rot-SimpleSorting-Bidirectional-Bubble-environment] INFO  o.e.m.i.launch.MavenLaunchDelegate - C:\Users\NT098765\Desktop\RoteriosLEDA\R01-01-Rot-SimpleSorting-Bidirectional-Bubble-environment
2020-09-23 11:41:05,205 [Worker-86: Launching R01-01-Rot-SimpleSorting-Bidirectional-Bubble-environment] INFO  o.e.m.i.launch.MavenLaunchDelegate -  mvn -B -Dmaven.test.skip=true -DskipTests install
2020-09-23 11:41:59,163 [main] INFO  o.e.m2e.actions.ExecutePomAction - Creating new launch configuration
2020-09-23 11:42:07,507 [Worker-87: Launching R01-01-Rot-SimpleSorting-Bidirectional-Bubble-environment (1)] INFO  o.e.m.i.launch.MavenLaunchDelegate - C:\Users\NT098765\Desktop\RoteriosLEDA\R01-01-Rot-SimpleSorting-Bidirectional-Bubble-environment
2020-09-23 11:42:07,508 [Worker-87: Launching R01-01-Rot-SimpleSorting-Bidirectional-Bubble-environment (1)] INFO  o.e.m.i.launch.MavenLaunchDelegate -  mvn -B -Dmaven.test.skip=true -DskipTests install
2020-09-24 13:53:55,413 [Worker-3: Loading available Gradle versions] INFO  o.e.b.c.i.u.g.PublishedGradleVersions - Gradle version information cache is out-of-date. Trying to update.
2020-09-24 14:30:36,432 [Worker-13: Building] WARN  o.e.m.c.i.embedder.EclipseLogger - Using platform encoding (Cp1252 actually) to copy filtered resources, i.e. build is platform dependent!
2020-09-24 14:30:36,432 [Worker-13: Building] INFO  o.e.m.c.i.embedder.EclipseLogger - skip non existing resourceDirectory C:\Users\NT098765\Desktop\RoteriosLEDA\R01-01-Rot-SimpleSorting-Bidirectional-Bubble-environment\src\main\resources
2020-09-24 14:30:36,432 [Worker-13: Building] WARN  o.e.m.c.i.embedder.EclipseLogger - Using platform encoding (Cp1252 actually) to copy filtered resources, i.e. build is platform dependent!
2020-09-24 14:30:36,432 [Worker-13: Building] INFO  o.e.m.c.i.embedder.EclipseLogger - skip non existing resourceDirectory C:\Users\NT098765\Desktop\RoteriosLEDA\R01-01-Rot-SimpleSorting-Bidirectional-Bubble-environment\src\test\resources
2020-09-24 14:31:08,105 [Worker-13: Launching StudentSortingTest] WARN  o.e.m.c.i.embedder.EclipseLogger - Using platform encoding (Cp1252 actually) to copy filtered resources, i.e. build is platform dependent!
2020-09-24 14:31:08,105 [Worker-13: Launching StudentSortingTest] INFO  o.e.m.c.i.embedder.EclipseLogger - skip non existing resourceDirectory C:\Users\NT098765\Desktop\RoteriosLEDA\R01-01-Rot-SimpleSorting-Bidirectional-Bubble-environment\src\main\resources
2020-09-24 14:31:08,105 [Worker-13: Launching StudentSortingTest] WARN  o.e.m.c.i.embedder.EclipseLogger - Using platform encoding (Cp1252 actually) to copy filtered resources, i.e. build is platform dependent!
2020-09-24 14:31:08,105 [Worker-13: Launching StudentSortingTest] INFO  o.e.m.c.i.embedder.EclipseLogger - skip non existing resourceDirectory C:\Users\NT098765\Desktop\RoteriosLEDA\R01-01-Rot-SimpleSorting-Bidirectional-Bubble-environment\src\test\resources
2020-09-24 14:35:17,183 [Worker-19: Building] WARN  o.e.m.c.i.embedder.EclipseLogger - Using platform encoding (Cp1252 actually) to copy filtered resources, i.e. build is platform dependent!
2020-09-24 14:35:17,198 [Worker-19: Building] INFO  o.e.m.c.i.embedder.EclipseLogger - skip non existing resourceDirectory C:\Users\NT098765\Desktop\RoteriosLEDA\R01-01-Rot-SimpleSorting-Bidirectional-Bubble-environment\src\main\resources
2020-09-24 14:35:17,198 [Worker-19: Building] WARN  o.e.m.c.i.embedder.EclipseLogger - Using platform encoding (Cp1252 actually) to copy filtered resources, i.e. build is platform dependent!
2020-09-24 14:35:17,198 [Worker-19: Building] INFO  o.e.m.c.i.embedder.EclipseLogger - skip non existing resourceDirectory C:\Users\NT098765\Desktop\RoteriosLEDA\R01-01-Rot-SimpleSorting-Bidirectional-Bubble-environment\src\test\resources
2020-09-24 14:38:07,331 [Worker-23: Launching StudentSortingTest] WARN  o.e.m.c.i.embedder.EclipseLogger - Using platform encoding (Cp1252 actually) to copy filtered resources, i.e. build is platform dependent!
2020-09-24 14:38:07,331 [Worker-23: Launching StudentSortingTest] INFO  o.e.m.c.i.embedder.EclipseLogger - skip non existing resourceDirectory C:\Users\NT098765\Desktop\RoteriosLEDA\R01-01-Rot-SimpleSorting-Bidirectional-Bubble-environment\src\main\resources
2020-09-24 14:38:07,331 [Worker-23: Launching StudentSortingTest] WARN  o.e.m.c.i.embedder.EclipseLogger - Using platform encoding (Cp1252 actually) to copy filtered resources, i.e. build is platform dependent!
2020-09-24 14:38:07,331 [Worker-23: Launching StudentSortingTest] INFO  o.e.m.c.i.embedder.EclipseLogger - skip non existing resourceDirectory C:\Users\NT098765\Desktop\RoteriosLEDA\R01-01-Rot-SimpleSorting-Bidirectional-Bubble-environment\src\test\resources
2020-09-24 14:41:47,079 [Worker-29: Building] WARN  o.e.m.c.i.embedder.EclipseLogger - Using platform encoding (Cp1252 actually) to copy filtered resources, i.e. build is platform dependent!
2020-09-24 14:41:47,079 [Worker-29: Building] INFO  o.e.m.c.i.embedder.EclipseLogger - skip non existing resourceDirectory C:\Users\NT098765\Desktop\RoteriosLEDA\R01-01-Rot-SimpleSorting-Bidirectional-Bubble-environment\src\main\resources
2020-09-24 14:41:47,079 [Worker-29: Building] WARN  o.e.m.c.i.embedder.EclipseLogger - Using platform encoding (Cp1252 actually) to copy filtered resources, i.e. build is platform dependent!
2020-09-24 14:41:47,095 [Worker-29: Building] INFO  o.e.m.c.i.embedder.EclipseLogger - skip non existing resourceDirectory C:\Users\NT098765\Desktop\RoteriosLEDA\R01-01-Rot-SimpleSorting-Bidirectional-Bubble-environment\src\test\resources
2020-09-24 14:44:41,717 [Worker-26: Launching StudentSortingTest] WARN  o.e.m.c.i.embedder.EclipseLogger - Using platform encoding (Cp1252 actually) to copy filtered resources, i.e. build is platform dependent!
2020-09-24 14:44:41,717 [Worker-26: Launching StudentSortingTest] INFO  o.e.m.c.i.embedder.EclipseLogger - skip non existing resourceDirectory C:\Users\NT098765\Desktop\RoteriosLEDA\R01-01-Rot-SimpleSorting-Bidirectional-Bubble-environment\src\main\resources
2020-09-24 14:44:41,717 [Worker-26: Launching StudentSortingTest] WARN  o.e.m.c.i.embedder.EclipseLogger - Using platform encoding (Cp1252 actually) to copy filtered resources, i.e. build is platform dependent!
2020-09-24 14:44:41,732 [Worker-26: Launching StudentSortingTest] INFO  o.e.m.c.i.embedder.EclipseLogger - skip non existing resourceDirectory C:\Users\NT098765\Desktop\RoteriosLEDA\R01-01-Rot-SimpleSorting-Bidirectional-Bubble-environment\src\test\resources
2020-09-24 14:47:05,576 [Worker-26: Launching StudentSortingTest] WARN  o.e.m.c.i.embedder.EclipseLogger - Using platform encoding (Cp1252 actually) to copy filtered resources, i.e. build is platform dependent!
2020-09-24 14:47:05,591 [Worker-26: Launching StudentSortingTest] INFO  o.e.m.c.i.embedder.EclipseLogger - skip non existing resourceDirectory C:\Users\NT098765\Desktop\RoteriosLEDA\R01-01-Rot-SimpleSorting-Bidirectional-Bubble-environment\src\main\resources
2020-09-24 14:47:05,591 [Worker-26: Launching StudentSortingTest] WARN  o.e.m.c.i.embedder.EclipseLogger - Using platform encoding (Cp1252 actually) to copy filtered resources, i.e. build is platform dependent!
2020-09-24 14:47:05,591 [Worker-26: Launching StudentSortingTest] INFO  o.e.m.c.i.embedder.EclipseLogger - skip non existing resourceDirectory C:\Users\NT098765\Desktop\RoteriosLEDA\R01-01-Rot-SimpleSorting-Bidirectional-Bubble-environment\src\test\resources
2020-09-24 14:50:18,859 [Worker-31: Launching StudentSortingTest] WARN  o.e.m.c.i.embedder.EclipseLogger - Using platform encoding (Cp1252 actually) to copy filtered resources, i.e. build is platform dependent!
2020-09-24 14:50:18,875 [Worker-31: Launching StudentSortingTest] INFO  o.e.m.c.i.embedder.EclipseLogger - skip non existing resourceDirectory C:\Users\NT098765\Desktop\RoteriosLEDA\R01-01-Rot-SimpleSorting-Bidirectional-Bubble-environment\src\main\resources
2020-09-24 14:50:18,875 [Worker-31: Launching StudentSortingTest] WARN  o.e.m.c.i.embedder.EclipseLogger - Using platform encoding (Cp1252 actually) to copy filtered resources, i.e. build is platform dependent!
2020-09-24 14:50:18,875 [Worker-31: Launching StudentSortingTest] INFO  o.e.m.c.i.embedder.EclipseLogger - skip non existing resourceDirectory C:\Users\NT098765\Desktop\RoteriosLEDA\R01-01-Rot-SimpleSorting-Bidirectional-Bubble-environment\src\test\resources
2020-09-24 14:50:40,821 [Worker-37: Launching StudentSortingTest] WARN  o.e.m.c.i.embedder.EclipseLogger - Using platform encoding (Cp1252 actually) to copy filtered resources, i.e. build is platform dependent!
2020-09-24 14:50:40,821 [Worker-37: Launching StudentSortingTest] INFO  o.e.m.c.i.embedder.EclipseLogger - skip non existing resourceDirectory C:\Users\NT098765\Desktop\RoteriosLEDA\R01-01-Rot-SimpleSorting-Bidirectional-Bubble-environment\src\main\resources
2020-09-24 14:50:40,829 [Worker-37: Launching StudentSortingTest] WARN  o.e.m.c.i.embedder.EclipseLogger - Using platform encoding (Cp1252 actually) to copy filtered resources, i.e. build is platform dependent!
2020-09-24 14:50:40,831 [Worker-37: Launching StudentSortingTest] INFO  o.e.m.c.i.embedder.EclipseLogger - skip non existing resourceDirectory C:\Users\NT098765\Desktop\RoteriosLEDA\R01-01-Rot-SimpleSorting-Bidirectional-Bubble-environment\src\test\resources
2020-09-24 15:11:08,227 [Worker-37: Launching StudentSortingTest] WARN  o.e.m.c.i.embedder.EclipseLogger - Using platform encoding (Cp1252 actually) to copy filtered resources, i.e. build is platform dependent!
2020-09-24 15:11:08,227 [Worker-37: Launching StudentSortingTest] INFO  o.e.m.c.i.embedder.EclipseLogger - skip non existing resourceDirectory C:\Users\NT098765\Desktop\RoteriosLEDA\R01-01-Rot-SimpleSorting-Bidirectional-Bubble-environment\src\main\resources
2020-09-24 15:11:08,227 [Worker-37: Launching StudentSortingTest] WARN  o.e.m.c.i.embedder.EclipseLogger - Using platform encoding (Cp1252 actually) to copy filtered resources, i.e. build is platform dependent!
2020-09-24 15:11:08,243 [Worker-37: Launching StudentSortingTest] INFO  o.e.m.c.i.embedder.EclipseLogger - skip non existing resourceDirectory C:\Users\NT098765\Desktop\RoteriosLEDA\R01-01-Rot-SimpleSorting-Bidirectional-Bubble-environment\src\test\resources
2020-09-24 15:11:37,431 [Worker-44: Launching StudentSortingTest] WARN  o.e.m.c.i.embedder.EclipseLogger - Using platform encoding (Cp1252 actually) to copy filtered resources, i.e. build is platform dependent!
2020-09-24 15:11:37,431 [Worker-44: Launching StudentSortingTest] INFO  o.e.m.c.i.embedder.EclipseLogger - skip non existing resourceDirectory C:\Users\NT098765\Desktop\RoteriosLEDA\R01-01-Rot-SimpleSorting-Bidirectional-Bubble-environment\src\main\resources
2020-09-24 15:11:37,431 [Worker-44: Launching StudentSortingTest] WARN  o.e.m.c.i.embedder.EclipseLogger - Using platform encoding (Cp1252 actually) to copy filtered resources, i.e. build is platform dependent!
2020-09-24 15:11:37,446 [Worker-44: Launching StudentSortingTest] INFO  o.e.m.c.i.embedder.EclipseLogger - skip non existing resourceDirectory C:\Users\NT098765\Desktop\RoteriosLEDA\R01-01-Rot-SimpleSorting-Bidirectional-Bubble-environment\src\test\resources
2020-09-24 15:12:57,029 [Worker-41: Launching StudentSortingTest] WARN  o.e.m.c.i.embedder.EclipseLogger - Using platform encoding (Cp1252 actually) to copy filtered resources, i.e. build is platform dependent!
2020-09-24 15:12:57,029 [Worker-41: Launching StudentSortingTest] INFO  o.e.m.c.i.embedder.EclipseLogger - skip non existing resourceDirectory C:\Users\NT098765\Desktop\RoteriosLEDA\R01-01-Rot-SimpleSorting-Bidirectional-Bubble-environment\src\main\resources
2020-09-24 15:12:57,029 [Worker-41: Launching StudentSortingTest] WARN  o.e.m.c.i.embedder.EclipseLogger - Using platform encoding (Cp1252 actually) to copy filtered resources, i.e. build is platform dependent!
2020-09-24 15:12:57,029 [Worker-41: Launching StudentSortingTest] INFO  o.e.m.c.i.embedder.EclipseLogger - skip non existing resourceDirectory C:\Users\NT098765\Desktop\RoteriosLEDA\R01-01-Rot-SimpleSorting-Bidirectional-Bubble-environment\src\test\resources
2020-09-24 15:13:53,899 [Worker-39: Building] WARN  o.e.m.c.i.embedder.EclipseLogger - Using platform encoding (Cp1252 actually) to copy filtered resources, i.e. build is platform dependent!
2020-09-24 15:13:53,899 [Worker-39: Building] INFO  o.e.m.c.i.embedder.EclipseLogger - skip non existing resourceDirectory C:\Users\NT098765\Desktop\RoteriosLEDA\R01-01-Rot-SimpleSorting-Bidirectional-Bubble-environment\src\main\resources
2020-09-24 15:13:53,899 [Worker-39: Building] WARN  o.e.m.c.i.embedder.EclipseLogger - Using platform encoding (Cp1252 actually) to copy filtered resources, i.e. build is platform dependent!
2020-09-24 15:13:53,899 [Worker-39: Building] INFO  o.e.m.c.i.embedder.EclipseLogger - skip non existing resourceDirectory C:\Users\NT098765\Desktop\RoteriosLEDA\R01-01-Rot-SimpleSorting-Bidirectional-Bubble-environment\src\test\resources
2020-09-24 15:23:27,589 [Worker-39: Building] WARN  o.e.m.c.i.embedder.EclipseLogger - Using platform encoding (Cp1252 actually) to copy filtered resources, i.e. build is platform dependent!
2020-09-24 15:23:27,589 [Worker-39: Building] INFO  o.e.m.c.i.embedder.EclipseLogger - skip non existing resourceDirectory C:\Users\NT098765\Desktop\RoteriosLEDA\R01-01-Rot-SimpleSorting-Bidirectional-Bubble-environment\src\main\resources
2020-09-24 15:23:27,589 [Worker-39: Building] WARN  o.e.m.c.i.embedder.EclipseLogger - Using platform encoding (Cp1252 actually) to copy filtered resources, i.e. build is platform dependent!
2020-09-24 15:23:27,589 [Worker-39: Building] INFO  o.e.m.c.i.embedder.EclipseLogger - skip non existing resourceDirectory C:\Users\NT098765\Desktop\RoteriosLEDA\R01-01-Rot-SimpleSorting-Bidirectional-Bubble-environment\src\test\resources
2020-09-25 13:14:35,215 [Worker-10: Loading available Gradle versions] INFO  o.e.b.c.i.u.g.PublishedGradleVersions - Gradle version information cache is up-to-date. Trying to read.
2020-09-25 13:15:18,629 [Worker-15: Building] WARN  o.e.m.c.i.embedder.EclipseLogger - Using platform encoding (Cp1252 actually) to copy filtered resources, i.e. build is platform dependent!
2020-09-25 13:15:18,633 [Worker-15: Building] INFO  o.e.m.c.i.embedder.EclipseLogger - skip non existing resourceDirectory C:\Users\NT098765\Desktop\RoteriosLEDA\R01-01-Rot-SimpleSorting-Bidirectional-Bubble-environment\src\main\resources
2020-09-25 13:15:18,638 [Worker-15: Building] WARN  o.e.m.c.i.embedder.EclipseLogger - Using platform encoding (Cp1252 actually) to copy filtered resources, i.e. build is platform dependent!
2020-09-25 13:15:18,640 [Worker-15: Building] INFO  o.e.m.c.i.embedder.EclipseLogger - skip non existing resourceDirectory C:\Users\NT098765\Desktop\RoteriosLEDA\R01-01-Rot-SimpleSorting-Bidirectional-Bubble-environment\src\test\resources
2020-09-25 13:16:45,401 [Worker-14: Building] WARN  o.e.m.c.i.embedder.EclipseLogger - Using platform encoding (Cp1252 actually) to copy filtered resources, i.e. build is platform dependent!
2020-09-25 13:16:45,404 [Worker-14: Building] INFO  o.e.m.c.i.embedder.EclipseLogger - skip non existing resourceDirectory C:\Users\NT098765\Desktop\RoteriosLEDA\R01-01-Rot-SimpleSorting-Bidirectional-Bubble-environment\src\main\resources
2020-09-25 13:16:45,406 [Worker-14: Building] WARN  o.e.m.c.i.embedder.EclipseLogger - Using platform encoding (Cp1252 actually) to copy filtered resources, i.e. build is platform dependent!
2020-09-25 13:16:45,408 [Worker-14: Building] INFO  o.e.m.c.i.embedder.EclipseLogger - skip non existing resourceDirectory C:\Users\NT098765\Desktop\RoteriosLEDA\R01-01-Rot-SimpleSorting-Bidirectional-Bubble-environment\src\test\resources
2020-09-25 13:16:51,106 [Worker-17: Building] WARN  o.e.m.c.i.embedder.EclipseLogger - Using platform encoding (Cp1252 actually) to copy filtered resources, i.e. build is platform dependent!
2020-09-25 13:16:51,108 [Worker-17: Building] INFO  o.e.m.c.i.embedder.EclipseLogger - skip non existing resourceDirectory C:\Users\NT098765\Desktop\RoteriosLEDA\R01-01-Rot-SimpleSorting-Bidirectional-Bubble-environment\src\main\resources
2020-09-25 13:16:51,110 [Worker-17: Building] WARN  o.e.m.c.i.embedder.EclipseLogger - Using platform encoding (Cp1252 actually) to copy filtered resources, i.e. build is platform dependent!
2020-09-25 13:16:51,112 [Worker-17: Building] INFO  o.e.m.c.i.embedder.EclipseLogger - skip non existing resourceDirectory C:\Users\NT098765\Desktop\RoteriosLEDA\R01-01-Rot-SimpleSorting-Bidirectional-Bubble-environment\src\test\resources
2020-09-25 13:17:45,827 [Worker-10: Building] WARN  o.e.m.c.i.embedder.EclipseLogger - Using platform encoding (Cp1252 actually) to copy filtered resources, i.e. build is platform dependent!
2020-09-25 13:17:45,830 [Worker-10: Building] INFO  o.e.m.c.i.embedder.EclipseLogger - skip non existing resourceDirectory C:\Users\NT098765\Desktop\RoteriosLEDA\R01-01-Rot-SimpleSorting-Bidirectional-Bubble-environment\src\main\resources
2020-09-25 13:17:45,832 [Worker-10: Building] WARN  o.e.m.c.i.embedder.EclipseLogger - Using platform encoding (Cp1252 actually) to copy filtered resources, i.e. build is platform dependent!
2020-09-25 13:17:45,836 [Worker-10: Building] INFO  o.e.m.c.i.embedder.EclipseLogger - skip non existing resourceDirectory C:\Users\NT098765\Desktop\RoteriosLEDA\R01-01-Rot-SimpleSorting-Bidirectional-Bubble-environment\src\test\resources
2020-09-25 13:22:27,482 [Worker-17: Building] WARN  o.e.m.c.i.embedder.EclipseLogger - Using platform encoding (Cp1252 actually) to copy filtered resources, i.e. build is platform dependent!
2020-09-25 13:22:27,486 [Worker-17: Building] INFO  o.e.m.c.i.embedder.EclipseLogger - skip non existing resourceDirectory C:\Users\NT098765\Desktop\RoteriosLEDA\R01-01-Rot-SimpleSorting-Bidirectional-Bubble-environment\src\main\resources
2020-09-25 13:22:27,489 [Worker-17: Building] WARN  o.e.m.c.i.embedder.EclipseLogger - Using platform encoding (Cp1252 actually) to copy filtered resources, i.e. build is platform dependent!
2020-09-25 13:22:27,491 [Worker-17: Building] INFO  o.e.m.c.i.embedder.EclipseLogger - skip non existing resourceDirectory C:\Users\NT098765\Desktop\RoteriosLEDA\R01-01-Rot-SimpleSorting-Bidirectional-Bubble-environment\src\test\resources
2020-09-25 13:22:42,974 [Worker-16: Building] WARN  o.e.m.c.i.embedder.EclipseLogger - Using platform encoding (Cp1252 actually) to copy filtered resources, i.e. build is platform dependent!
2020-09-25 13:22:42,976 [Worker-16: Building] INFO  o.e.m.c.i.embedder.EclipseLogger - skip non existing resourceDirectory C:\Users\NT098765\Desktop\RoteriosLEDA\R01-01-Rot-SimpleSorting-Bidirectional-Bubble-environment\src\main\resources
2020-09-25 13:22:42,977 [Worker-16: Building] WARN  o.e.m.c.i.embedder.EclipseLogger - Using platform encoding (Cp1252 actually) to copy filtered resources, i.e. build is platform dependent!
2020-09-25 13:22:42,979 [Worker-16: Building] INFO  o.e.m.c.i.embedder.EclipseLogger - skip non existing resourceDirectory C:\Users\NT098765\Desktop\RoteriosLEDA\R01-01-Rot-SimpleSorting-Bidirectional-Bubble-environment\src\test\resources
2020-09-25 13:23:02,316 [Worker-21: Launching StudentSortingTest] WARN  o.e.m.c.i.embedder.EclipseLogger - Using platform encoding (Cp1252 actually) to copy filtered resources, i.e. build is platform dependent!
2020-09-25 13:23:02,320 [Worker-21: Launching StudentSortingTest] INFO  o.e.m.c.i.embedder.EclipseLogger - skip non existing resourceDirectory C:\Users\NT098765\Desktop\RoteriosLEDA\R01-01-Rot-SimpleSorting-Bidirectional-Bubble-environment\src\main\resources
2020-09-25 13:23:02,323 [Worker-21: Launching StudentSortingTest] WARN  o.e.m.c.i.embedder.EclipseLogger - Using platform encoding (Cp1252 actually) to copy filtered resources, i.e. build is platform dependent!
2020-09-25 13:23:02,325 [Worker-21: Launching StudentSortingTest] INFO  o.e.m.c.i.embedder.EclipseLogger - skip non existing resourceDirectory C:\Users\NT098765\Desktop\RoteriosLEDA\R01-01-Rot-SimpleSorting-Bidirectional-Bubble-environment\src\test\resources
2020-09-25 13:23:18,427 [Worker-22: Building] WARN  o.e.m.c.i.embedder.EclipseLogger - Using platform encoding (Cp1252 actually) to copy filtered resources, i.e. build is platform dependent!
2020-09-25 13:23:18,429 [Worker-22: Building] INFO  o.e.m.c.i.embedder.EclipseLogger - skip non existing resourceDirectory C:\Users\NT098765\Desktop\RoteriosLEDA\R01-01-Rot-SimpleSorting-Bidirectional-Bubble-environment\src\main\resources
2020-09-25 13:23:18,433 [Worker-22: Building] WARN  o.e.m.c.i.embedder.EclipseLogger - Using platform encoding (Cp1252 actually) to copy filtered resources, i.e. build is platform dependent!
2020-09-25 13:23:18,435 [Worker-22: Building] INFO  o.e.m.c.i.embedder.EclipseLogger - skip non existing resourceDirectory C:\Users\NT098765\Desktop\RoteriosLEDA\R01-01-Rot-SimpleSorting-Bidirectional-Bubble-environment\src\test\resources
2020-09-25 13:24:44,713 [Worker-24: Building] WARN  o.e.m.c.i.embedder.EclipseLogger - Using platform encoding (Cp1252 actually) to copy filtered resources, i.e. build is platform dependent!
2020-09-25 13:24:44,715 [Worker-24: Building] INFO  o.e.m.c.i.embedder.EclipseLogger - skip non existing resourceDirectory C:\Users\NT098765\Desktop\RoteriosLEDA\R01-01-Rot-SimpleSorting-Bidirectional-Bubble-environment\src\main\resources
2020-09-25 13:24:44,717 [Worker-24: Building] WARN  o.e.m.c.i.embedder.EclipseLogger - Using platform encoding (Cp1252 actually) to copy filtered resources, i.e. build is platform dependent!
2020-09-25 13:24:44,719 [Worker-24: Building] INFO  o.e.m.c.i.embedder.EclipseLogger - skip non existing resourceDirectory C:\Users\NT098765\Desktop\RoteriosLEDA\R01-01-Rot-SimpleSorting-Bidirectional-Bubble-environment\src\test\resources
2020-09-25 13:25:00,056 [Worker-21: Building] WARN  o.e.m.c.i.embedder.EclipseLogger - Using platform encoding (Cp1252 actually) to copy filtered resources, i.e. build is platform dependent!
2020-09-25 13:25:00,058 [Worker-21: Building] INFO  o.e.m.c.i.embedder.EclipseLogger - skip non existing resourceDirectory C:\Users\NT098765\Desktop\RoteriosLEDA\R01-01-Rot-SimpleSorting-Bidirectional-Bubble-environment\src\main\resources
2020-09-25 13:25:00,060 [Worker-21: Building] WARN  o.e.m.c.i.embedder.EclipseLogger - Using platform encoding (Cp1252 actually) to copy filtered resources, i.e. build is platform dependent!
2020-09-25 13:25:00,062 [Worker-21: Building] INFO  o.e.m.c.i.embedder.EclipseLogger - skip non existing resourceDirectory C:\Users\NT098765\Desktop\RoteriosLEDA\R01-01-Rot-SimpleSorting-Bidirectional-Bubble-environment\src\test\resources
2020-09-25 16:18:03,076 [Worker-33: Building] WARN  o.e.m.c.i.embedder.EclipseLogger - Using platform encoding (Cp1252 actually) to copy filtered resources, i.e. build is platform dependent!
2020-09-25 16:18:03,092 [Worker-33: Building] INFO  o.e.m.c.i.embedder.EclipseLogger - skip non existing resourceDirectory C:\Users\NT098765\Desktop\RoteriosLEDA\R01-01-Rot-SimpleSorting-Bidirectional-Bubble-environment\src\main\resources
2020-09-25 16:18:03,096 [Worker-33: Building] WARN  o.e.m.c.i.embedder.EclipseLogger - Using platform encoding (Cp1252 actually) to copy filtered resources, i.e. build is platform dependent!
2020-09-25 16:18:03,098 [Worker-33: Building] INFO  o.e.m.c.i.embedder.EclipseLogger - skip non existing resourceDirectory C:\Users\NT098765\Desktop\RoteriosLEDA\R01-01-Rot-SimpleSorting-Bidirectional-Bubble-environment\src\test\resources
2020-09-25 16:20:30,788 [Worker-30: Launching StudentSortingTest] WARN  o.e.m.c.i.embedder.EclipseLogger - Using platform encoding (Cp1252 actually) to copy filtered resources, i.e. build is platform dependent!
2020-09-25 16:20:30,790 [Worker-30: Launching StudentSortingTest] INFO  o.e.m.c.i.embedder.EclipseLogger - skip non existing resourceDirectory C:\Users\NT098765\Desktop\RoteriosLEDA\R01-01-Rot-SimpleSorting-Bidirectional-Bubble-environment\src\main\resources
2020-09-25 16:20:30,793 [Worker-30: Launching StudentSortingTest] WARN  o.e.m.c.i.embedder.EclipseLogger - Using platform encoding (Cp1252 actually) to copy filtered resources, i.e. build is platform dependent!
2020-09-25 16:20:30,796 [Worker-30: Launching StudentSortingTest] INFO  o.e.m.c.i.embedder.EclipseLogger - skip non existing resourceDirectory C:\Users\NT098765\Desktop\RoteriosLEDA\R01-01-Rot-SimpleSorting-Bidirectional-Bubble-environment\src\test\resources
2020-09-25 16:21:00,723 [Worker-35: Building] WARN  o.e.m.c.i.embedder.EclipseLogger - Using platform encoding (Cp1252 actually) to copy filtered resources, i.e. build is platform dependent!
2020-09-25 16:21:00,726 [Worker-35: Building] INFO  o.e.m.c.i.embedder.EclipseLogger - skip non existing resourceDirectory C:\Users\NT098765\Desktop\RoteriosLEDA\R01-01-Rot-SimpleSorting-Bidirectional-Bubble-environment\src\main\resources
2020-09-25 16:21:00,729 [Worker-35: Building] WARN  o.e.m.c.i.embedder.EclipseLogger - Using platform encoding (Cp1252 actually) to copy filtered resources, i.e. build is platform dependent!
2020-09-25 16:21:00,732 [Worker-35: Building] INFO  o.e.m.c.i.embedder.EclipseLogger - skip non existing resourceDirectory C:\Users\NT098765\Desktop\RoteriosLEDA\R01-01-Rot-SimpleSorting-Bidirectional-Bubble-environment\src\test\resources
2020-09-25 16:21:17,887 [Worker-33: Launching StudentSortingTest] WARN  o.e.m.c.i.embedder.EclipseLogger - Using platform encoding (Cp1252 actually) to copy filtered resources, i.e. build is platform dependent!
2020-09-25 16:21:17,889 [Worker-33: Launching StudentSortingTest] INFO  o.e.m.c.i.embedder.EclipseLogger - skip non existing resourceDirectory C:\Users\NT098765\Desktop\RoteriosLEDA\R01-01-Rot-SimpleSorting-Bidirectional-Bubble-environment\src\main\resources
2020-09-25 16:21:17,897 [Worker-33: Launching StudentSortingTest] WARN  o.e.m.c.i.embedder.EclipseLogger - Using platform encoding (Cp1252 actually) to copy filtered resources, i.e. build is platform dependent!
2020-09-25 16:21:17,900 [Worker-33: Launching StudentSortingTest] INFO  o.e.m.c.i.embedder.EclipseLogger - skip non existing resourceDirectory C:\Users\NT098765\Desktop\RoteriosLEDA\R01-01-Rot-SimpleSorting-Bidirectional-Bubble-environment\src\test\resources
2020-09-25 16:57:52,726 [Worker-38: Building] WARN  o.e.m.c.i.embedder.EclipseLogger - Using platform encoding (Cp1252 actually) to copy filtered resources, i.e. build is platform dependent!
2020-09-25 16:57:52,728 [Worker-38: Building] INFO  o.e.m.c.i.embedder.EclipseLogger - skip non existing resourceDirectory C:\Users\NT098765\Desktop\RoteriosLEDA\R01-01-Rot-SimpleSorting-Bidirectional-Bubble-environment\src\main\resources
2020-09-25 16:57:52,730 [Worker-38: Building] WARN  o.e.m.c.i.embedder.EclipseLogger - Using platform encoding (Cp1252 actually) to copy filtered resources, i.e. build is platform dependent!
2020-09-25 16:57:52,732 [Worker-38: Building] INFO  o.e.m.c.i.embedder.EclipseLogger - skip non existing resourceDirectory C:\Users\NT098765\Desktop\RoteriosLEDA\R01-01-Rot-SimpleSorting-Bidirectional-Bubble-environment\src\test\resources
2020-09-25 16:58:15,580 [Worker-41: Launching StudentSortingTest] WARN  o.e.m.c.i.embedder.EclipseLogger - Using platform encoding (Cp1252 actually) to copy filtered resources, i.e. build is platform dependent!
2020-09-25 16:58:15,583 [Worker-41: Launching StudentSortingTest] INFO  o.e.m.c.i.embedder.EclipseLogger - skip non existing resourceDirectory C:\Users\NT098765\Desktop\RoteriosLEDA\R01-01-Rot-SimpleSorting-Bidirectional-Bubble-environment\src\main\resources
2020-09-25 16:58:15,587 [Worker-41: Launching StudentSortingTest] WARN  o.e.m.c.i.embedder.EclipseLogger - Using platform encoding (Cp1252 actually) to copy filtered resources, i.e. build is platform dependent!
2020-09-25 16:58:15,589 [Worker-41: Launching StudentSortingTest] INFO  o.e.m.c.i.embedder.EclipseLogger - skip non existing resourceDirectory C:\Users\NT098765\Desktop\RoteriosLEDA\R01-01-Rot-SimpleSorting-Bidirectional-Bubble-environment\src\test\resources
2020-09-25 17:19:29,496 [Worker-41: Launching StudentSortingTest] WARN  o.e.m.c.i.embedder.EclipseLogger - Using platform encoding (Cp1252 actually) to copy filtered resources, i.e. build is platform dependent!
2020-09-25 17:19:29,499 [Worker-41: Launching StudentSortingTest] INFO  o.e.m.c.i.embedder.EclipseLogger - skip non existing resourceDirectory C:\Users\NT098765\Desktop\RoteriosLEDA\R01-01-Rot-SimpleSorting-Bidirectional-Bubble-environment\src\main\resources
2020-09-25 17:19:29,501 [Worker-41: Launching StudentSortingTest] WARN  o.e.m.c.i.embedder.EclipseLogger - Using platform encoding (Cp1252 actually) to copy filtered resources, i.e. build is platform dependent!
2020-09-25 17:19:29,505 [Worker-41: Launching StudentSortingTest] INFO  o.e.m.c.i.embedder.EclipseLogger - skip non existing resourceDirectory C:\Users\NT098765\Desktop\RoteriosLEDA\R01-01-Rot-SimpleSorting-Bidirectional-Bubble-environment\src\test\resources
2020-09-25 17:19:37,960 [Worker-47: Launching StudentSortingTest] WARN  o.e.m.c.i.embedder.EclipseLogger - Using platform encoding (Cp1252 actually) to copy filtered resources, i.e. build is platform dependent!
2020-09-25 17:19:37,963 [Worker-47: Launching StudentSortingTest] INFO  o.e.m.c.i.embedder.EclipseLogger - skip non existing resourceDirectory C:\Users\NT098765\Desktop\RoteriosLEDA\R01-01-Rot-SimpleSorting-Bidirectional-Bubble-environment\src\main\resources
2020-09-25 17:19:37,967 [Worker-47: Launching StudentSortingTest] WARN  o.e.m.c.i.embedder.EclipseLogger - Using platform encoding (Cp1252 actually) to copy filtered resources, i.e. build is platform dependent!
2020-09-25 17:19:37,970 [Worker-47: Launching StudentSortingTest] INFO  o.e.m.c.i.embedder.EclipseLogger - skip non existing resourceDirectory C:\Users\NT098765\Desktop\RoteriosLEDA\R01-01-Rot-SimpleSorting-Bidirectional-Bubble-environment\src\test\resources
2020-09-25 17:20:38,428 [Worker-45: Launching StudentSortingTest] WARN  o.e.m.c.i.embedder.EclipseLogger - Using platform encoding (Cp1252 actually) to copy filtered resources, i.e. build is platform dependent!
2020-09-25 17:20:38,431 [Worker-45: Launching StudentSortingTest] INFO  o.e.m.c.i.embedder.EclipseLogger - skip non existing resourceDirectory C:\Users\NT098765\Desktop\RoteriosLEDA\R01-01-Rot-SimpleSorting-Bidirectional-Bubble-environment\src\main\resources
2020-09-25 17:20:38,435 [Worker-45: Launching StudentSortingTest] WARN  o.e.m.c.i.embedder.EclipseLogger - Using platform encoding (Cp1252 actually) to copy filtered resources, i.e. build is platform dependent!
2020-09-25 17:20:38,437 [Worker-45: Launching StudentSortingTest] INFO  o.e.m.c.i.embedder.EclipseLogger - skip non existing resourceDirectory C:\Users\NT098765\Desktop\RoteriosLEDA\R01-01-Rot-SimpleSorting-Bidirectional-Bubble-environment\src\test\resources
2020-09-25 20:36:53,813 [Worker-57: Building] WARN  o.e.m.c.i.embedder.EclipseLogger - Using platform encoding (Cp1252 actually) to copy filtered resources, i.e. build is platform dependent!
2020-09-25 20:36:53,815 [Worker-57: Building] INFO  o.e.m.c.i.embedder.EclipseLogger - skip non existing resourceDirectory C:\Users\NT098765\Desktop\RoteriosLEDA\R01-01-Rot-SimpleSorting-Bidirectional-Bubble-environment\src\main\resources
2020-09-25 20:36:53,818 [Worker-57: Building] WARN  o.e.m.c.i.embedder.EclipseLogger - Using platform encoding (Cp1252 actually) to copy filtered resources, i.e. build is platform dependent!
2020-09-25 20:36:53,820 [Worker-57: Building] INFO  o.e.m.c.i.embedder.EclipseLogger - skip non existing resourceDirectory C:\Users\NT098765\Desktop\RoteriosLEDA\R01-01-Rot-SimpleSorting-Bidirectional-Bubble-environment\src\test\resources
2020-09-25 20:52:24,723 [Worker-63: Building] WARN  o.e.m.c.i.embedder.EclipseLogger - Using platform encoding (Cp1252 actually) to copy filtered resources, i.e. build is platform dependent!
2020-09-25 20:52:24,725 [Worker-63: Building] INFO  o.e.m.c.i.embedder.EclipseLogger - skip non existing resourceDirectory C:\Users\NT098765\Desktop\RoteriosLEDA\R01-01-Rot-SimpleSorting-Bidirectional-Bubble-environment\src\main\resources
2020-09-25 20:52:24,726 [Worker-63: Building] WARN  o.e.m.c.i.embedder.EclipseLogger - Using platform encoding (Cp1252 actually) to copy filtered resources, i.e. build is platform dependent!
2020-09-25 20:52:24,727 [Worker-63: Building] INFO  o.e.m.c.i.embedder.EclipseLogger - skip non existing resourceDirectory C:\Users\NT098765\Desktop\RoteriosLEDA\R01-01-Rot-SimpleSorting-Bidirectional-Bubble-environment\src\test\resources
2020-09-25 20:54:02,891 [Worker-66: Launching StudentSortingTest] WARN  o.e.m.c.i.embedder.EclipseLogger - Using platform encoding (Cp1252 actually) to copy filtered resources, i.e. build is platform dependent!
2020-09-25 20:54:02,896 [Worker-66: Launching StudentSortingTest] INFO  o.e.m.c.i.embedder.EclipseLogger - skip non existing resourceDirectory C:\Users\NT098765\Desktop\RoteriosLEDA\R01-01-Rot-SimpleSorting-Bidirectional-Bubble-environment\src\main\resources
2020-09-25 20:54:02,899 [Worker-66: Launching StudentSortingTest] WARN  o.e.m.c.i.embedder.EclipseLogger - Using platform encoding (Cp1252 actually) to copy filtered resources, i.e. build is platform dependent!
2020-09-25 20:54:02,901 [Worker-66: Launching StudentSortingTest] INFO  o.e.m.c.i.embedder.EclipseLogger - skip non existing resourceDirectory C:\Users\NT098765\Desktop\RoteriosLEDA\R01-01-Rot-SimpleSorting-Bidirectional-Bubble-environment\src\test\resources
2020-09-25 21:04:39,749 [Worker-73: Launching StudentSortingTest] WARN  o.e.m.c.i.embedder.EclipseLogger - Using platform encoding (Cp1252 actually) to copy filtered resources, i.e. build is platform dependent!
2020-09-25 21:04:39,752 [Worker-73: Launching StudentSortingTest] INFO  o.e.m.c.i.embedder.EclipseLogger - skip non existing resourceDirectory C:\Users\NT098765\Desktop\RoteriosLEDA\R01-01-Rot-SimpleSorting-Bidirectional-Bubble-environment\src\main\resources
2020-09-25 21:04:39,755 [Worker-73: Launching StudentSortingTest] WARN  o.e.m.c.i.embedder.EclipseLogger - Using platform encoding (Cp1252 actually) to copy filtered resources, i.e. build is platform dependent!
2020-09-25 21:04:39,758 [Worker-73: Launching StudentSortingTest] INFO  o.e.m.c.i.embedder.EclipseLogger - skip non existing resourceDirectory C:\Users\NT098765\Desktop\RoteriosLEDA\R01-01-Rot-SimpleSorting-Bidirectional-Bubble-environment\src\test\resources
2020-09-25 21:05:31,406 [Worker-72: Launching StudentSortingTest] WARN  o.e.m.c.i.embedder.EclipseLogger - Using platform encoding (Cp1252 actually) to copy filtered resources, i.e. build is platform dependent!
2020-09-25 21:05:31,409 [Worker-72: Launching StudentSortingTest] INFO  o.e.m.c.i.embedder.EclipseLogger - skip non existing resourceDirectory C:\Users\NT098765\Desktop\RoteriosLEDA\R01-01-Rot-SimpleSorting-Bidirectional-Bubble-environment\src\main\resources
2020-09-25 21:05:31,411 [Worker-72: Launching StudentSortingTest] WARN  o.e.m.c.i.embedder.EclipseLogger - Using platform encoding (Cp1252 actually) to copy filtered resources, i.e. build is platform dependent!
2020-09-25 21:05:31,414 [Worker-72: Launching StudentSortingTest] INFO  o.e.m.c.i.embedder.EclipseLogger - skip non existing resourceDirectory C:\Users\NT098765\Desktop\RoteriosLEDA\R01-01-Rot-SimpleSorting-Bidirectional-Bubble-environment\src\test\resources
2020-09-25 21:05:52,422 [Worker-70: Launching StudentSortingTest] WARN  o.e.m.c.i.embedder.EclipseLogger - Using platform encoding (Cp1252 actually) to copy filtered resources, i.e. build is platform dependent!
2020-09-25 21:05:52,424 [Worker-70: Launching StudentSortingTest] INFO  o.e.m.c.i.embedder.EclipseLogger - skip non existing resourceDirectory C:\Users\NT098765\Desktop\RoteriosLEDA\R01-01-Rot-SimpleSorting-Bidirectional-Bubble-environment\src\main\resources
2020-09-25 21:05:52,426 [Worker-70: Launching StudentSortingTest] WARN  o.e.m.c.i.embedder.EclipseLogger - Using platform encoding (Cp1252 actually) to copy filtered resources, i.e. build is platform dependent!
2020-09-25 21:05:52,431 [Worker-70: Launching StudentSortingTest] INFO  o.e.m.c.i.embedder.EclipseLogger - skip non existing resourceDirectory C:\Users\NT098765\Desktop\RoteriosLEDA\R01-01-Rot-SimpleSorting-Bidirectional-Bubble-environment\src\test\resources
2020-09-25 21:47:01,972 [Worker-78: Building] WARN  o.e.m.c.i.embedder.EclipseLogger - Using platform encoding (Cp1252 actually) to copy filtered resources, i.e. build is platform dependent!
2020-09-25 21:47:01,974 [Worker-78: Building] INFO  o.e.m.c.i.embedder.EclipseLogger - skip non existing resourceDirectory C:\Users\NT098765\Desktop\RoteriosLEDA\R01-01-Rot-SimpleSorting-Bidirectional-Bubble-environment\src\main\resources
2020-09-25 21:47:01,977 [Worker-78: Building] WARN  o.e.m.c.i.embedder.EclipseLogger - Using platform encoding (Cp1252 actually) to copy filtered resources, i.e. build is platform dependent!
2020-09-25 21:47:01,979 [Worker-78: Building] INFO  o.e.m.c.i.embedder.EclipseLogger - skip non existing resourceDirectory C:\Users\NT098765\Desktop\RoteriosLEDA\R01-01-Rot-SimpleSorting-Bidirectional-Bubble-environment\src\test\resources
2020-09-25 21:57:24,480 [Worker-78: Building] WARN  o.e.m.c.i.embedder.EclipseLogger - Using platform encoding (Cp1252 actually) to copy filtered resources, i.e. build is platform dependent!
2020-09-25 21:57:24,481 [Worker-78: Building] INFO  o.e.m.c.i.embedder.EclipseLogger - skip non existing resourceDirectory C:\Users\NT098765\Desktop\RoteriosLEDA\R01-01-Rot-SimpleSorting-Bidirectional-Bubble-environment\src\main\resources
2020-09-25 21:57:24,482 [Worker-78: Building] WARN  o.e.m.c.i.embedder.EclipseLogger - Using platform encoding (Cp1252 actually) to copy filtered resources, i.e. build is platform dependent!
2020-09-25 21:57:24,484 [Worker-78: Building] INFO  o.e.m.c.i.embedder.EclipseLogger - skip non existing resourceDirectory C:\Users\NT098765\Desktop\RoteriosLEDA\R01-01-Rot-SimpleSorting-Bidirectional-Bubble-environment\src\test\resources
2020-09-25 21:57:40,659 [Worker-78: Launching StudentSortingTest] WARN  o.e.m.c.i.embedder.EclipseLogger - Using platform encoding (Cp1252 actually) to copy filtered resources, i.e. build is platform dependent!
2020-09-25 21:57:40,661 [Worker-78: Launching StudentSortingTest] INFO  o.e.m.c.i.embedder.EclipseLogger - skip non existing resourceDirectory C:\Users\NT098765\Desktop\RoteriosLEDA\R01-01-Rot-SimpleSorting-Bidirectional-Bubble-environment\src\main\resources
2020-09-25 21:57:40,663 [Worker-78: Launching StudentSortingTest] WARN  o.e.m.c.i.embedder.EclipseLogger - Using platform encoding (Cp1252 actually) to copy filtered resources, i.e. build is platform dependent!
2020-09-25 21:57:40,665 [Worker-78: Launching StudentSortingTest] INFO  o.e.m.c.i.embedder.EclipseLogger - skip non existing resourceDirectory C:\Users\NT098765\Desktop\RoteriosLEDA\R01-01-Rot-SimpleSorting-Bidirectional-Bubble-environment\src\test\resources
2020-09-25 21:57:53,440 [Worker-80: Building] WARN  o.e.m.c.i.embedder.EclipseLogger - Using platform encoding (Cp1252 actually) to copy filtered resources, i.e. build is platform dependent!
2020-09-25 21:57:53,441 [Worker-80: Building] INFO  o.e.m.c.i.embedder.EclipseLogger - skip non existing resourceDirectory C:\Users\NT098765\Desktop\RoteriosLEDA\R01-01-Rot-SimpleSorting-Bidirectional-Bubble-environment\src\main\resources
2020-09-25 21:57:53,442 [Worker-80: Building] WARN  o.e.m.c.i.embedder.EclipseLogger - Using platform encoding (Cp1252 actually) to copy filtered resources, i.e. build is platform dependent!
2020-09-25 21:57:53,444 [Worker-80: Building] INFO  o.e.m.c.i.embedder.EclipseLogger - skip non existing resourceDirectory C:\Users\NT098765\Desktop\RoteriosLEDA\R01-01-Rot-SimpleSorting-Bidirectional-Bubble-environment\src\test\resources
2020-09-25 21:58:14,959 [Worker-79: Launching StudentSortingTest] WARN  o.e.m.c.i.embedder.EclipseLogger - Using platform encoding (Cp1252 actually) to copy filtered resources, i.e. build is platform dependent!
2020-09-25 21:58:14,962 [Worker-79: Launching StudentSortingTest] INFO  o.e.m.c.i.embedder.EclipseLogger - skip non existing resourceDirectory C:\Users\NT098765\Desktop\RoteriosLEDA\R01-01-Rot-SimpleSorting-Bidirectional-Bubble-environment\src\main\resources
